c:\users\rlatj\onedrive\바탕 화면\수업\팀과제\framework_12_v9_content\defaultwindow\debug\defaultwindow.pch
c:\users\rlatj\onedrive\바탕 화면\수업\팀과제\framework_12_v9_content\defaultwindow\debug\vc143.pdb
c:\users\rlatj\onedrive\바탕 화면\수업\팀과제\framework_12_v9_content\defaultwindow\debug\vc143.idb
c:\users\rlatj\onedrive\바탕 화면\수업\팀과제\framework_12_v9_content\defaultwindow\debug\stdafx.obj
c:\users\rlatj\onedrive\바탕 화면\수업\팀과제\framework_12_v9_content\defaultwindow\debug\keymgr.obj
c:\users\rlatj\onedrive\바탕 화면\수업\팀과제\framework_12_v9_content\defaultwindow\debug\guidebullet.obj
c:\users\rlatj\onedrive\바탕 화면\수업\팀과제\framework_12_v9_content\defaultwindow\debug\defaultwindow.obj
c:\users\rlatj\onedrive\바탕 화면\수업\팀과제\framework_12_v9_content\defaultwindow\debug\ctutor.obj
c:\users\rlatj\onedrive\바탕 화면\수업\팀과제\framework_12_v9_content\defaultwindow\debug\ctitle.obj
c:\users\rlatj\onedrive\바탕 화면\수업\팀과제\framework_12_v9_content\defaultwindow\debug\cstage3.obj
c:\users\rlatj\onedrive\바탕 화면\수업\팀과제\framework_12_v9_content\defaultwindow\debug\cstage2.obj
c:\users\rlatj\onedrive\바탕 화면\수업\팀과제\framework_12_v9_content\defaultwindow\debug\cstage1.obj
c:\users\rlatj\onedrive\바탕 화면\수업\팀과제\framework_12_v9_content\defaultwindow\debug\cscenemgr.obj
c:\users\rlatj\onedrive\바탕 화면\수업\팀과제\framework_12_v9_content\defaultwindow\debug\cscene.obj
c:\users\rlatj\onedrive\바탕 화면\수업\팀과제\framework_12_v9_content\defaultwindow\debug\cpushmon.obj
c:\users\rlatj\onedrive\바탕 화면\수업\팀과제\framework_12_v9_content\defaultwindow\debug\cplatform.obj
c:\users\rlatj\onedrive\바탕 화면\수업\팀과제\framework_12_v9_content\defaultwindow\debug\collisionmgr.obj
c:\users\rlatj\onedrive\바탕 화면\수업\팀과제\framework_12_v9_content\defaultwindow\debug\cghost.obj
c:\users\rlatj\onedrive\바탕 화면\수업\팀과제\framework_12_v9_content\defaultwindow\debug\cfail.obj
c:\users\rlatj\onedrive\바탕 화면\수업\팀과제\framework_12_v9_content\defaultwindow\debug\cending.obj
c:\users\rlatj\onedrive\바탕 화면\수업\팀과제\framework_12_v9_content\defaultwindow\debug\cclear.obj
c:\users\rlatj\onedrive\바탕 화면\수업\팀과제\framework_12_v9_content\defaultwindow\debug\cboommon.obj
c:\users\rlatj\onedrive\바탕 화면\수업\팀과제\framework_12_v9_content\defaultwindow\debug\bullet.obj
c:\users\rlatj\onedrive\바탕 화면\수업\팀과제\framework_12_v9_content\defaultwindow\debug\box.obj
c:\users\rlatj\onedrive\바탕 화면\수업\팀과제\framework_12_v9_content\defaultwindow\debug\vector2d.obj
c:\users\rlatj\onedrive\바탕 화면\수업\팀과제\framework_12_v9_content\defaultwindow\debug\shield.obj
c:\users\rlatj\onedrive\바탕 화면\수업\팀과제\framework_12_v9_content\defaultwindow\debug\scrollmgr.obj
c:\users\rlatj\onedrive\바탕 화면\수업\팀과제\framework_12_v9_content\defaultwindow\debug\screwbullet.obj
c:\users\rlatj\onedrive\바탕 화면\수업\팀과제\framework_12_v9_content\defaultwindow\debug\pushbullet.obj
c:\users\rlatj\onedrive\바탕 화면\수업\팀과제\framework_12_v9_content\defaultwindow\debug\player.obj
c:\users\rlatj\onedrive\바탕 화면\수업\팀과제\framework_12_v9_content\defaultwindow\debug\objmgr.obj
c:\users\rlatj\onedrive\바탕 화면\수업\팀과제\framework_12_v9_content\defaultwindow\debug\obj.obj
c:\users\rlatj\onedrive\바탕 화면\수업\팀과제\framework_12_v9_content\defaultwindow\debug\mouse.obj
c:\users\rlatj\onedrive\바탕 화면\수업\팀과제\framework_12_v9_content\defaultwindow\debug\monster.obj
c:\users\rlatj\onedrive\바탕 화면\수업\팀과제\framework_12_v9_content\defaultwindow\debug\maingame.obj
c:\users\rlatj\onedrive\바탕 화면\수업\팀과제\framework_12_v9_content\defaultwindow\debug\linemgr.obj
c:\users\rlatj\onedrive\바탕 화면\수업\팀과제\framework_12_v9_content\defaultwindow\debug\line.obj
c:\users\rlatj\onedrive\바탕 화면\수업\팀과제\framework_12_v9_content\defaultwindow\debug\cspring.obj
c:\users\rlatj\onedrive\바탕 화면\수업\팀과제\framework_12_v9_content\defaultwindow\debug\defaultwindow.ilk
c:\users\rlatj\onedrive\바탕 화면\수업\팀과제\framework_12_v9_content\debug\defaultwindow.exe
c:\users\rlatj\onedrive\바탕 화면\수업\팀과제\framework_12_v9_content\debug\defaultwindow.pdb
c:\users\rlatj\onedrive\바탕 화면\수업\팀과제\framework_12_v9_content\defaultwindow\debug\defaultwindow.res
c:\users\rlatj\onedrive\바탕 화면\수업\팀과제\framework_12_v9_content\defaultwindow\debug\defaultwindow.tlog\cl.command.1.tlog
c:\users\rlatj\onedrive\바탕 화면\수업\팀과제\framework_12_v9_content\defaultwindow\debug\defaultwindow.tlog\cl.items.tlog
c:\users\rlatj\onedrive\바탕 화면\수업\팀과제\framework_12_v9_content\defaultwindow\debug\defaultwindow.tlog\cl.read.1.tlog
c:\users\rlatj\onedrive\바탕 화면\수업\팀과제\framework_12_v9_content\defaultwindow\debug\defaultwindow.tlog\cl.write.1.tlog
c:\users\rlatj\onedrive\바탕 화면\수업\팀과제\framework_12_v9_content\defaultwindow\debug\defaultwindow.tlog\link.24112-cvtres.read.1.tlog
c:\users\rlatj\onedrive\바탕 화면\수업\팀과제\framework_12_v9_content\defaultwindow\debug\defaultwindow.tlog\link.24112-cvtres.write.1.tlog
c:\users\rlatj\onedrive\바탕 화면\수업\팀과제\framework_12_v9_content\defaultwindow\debug\defaultwindow.tlog\link.24112-rc.read.1.tlog
c:\users\rlatj\onedrive\바탕 화면\수업\팀과제\framework_12_v9_content\defaultwindow\debug\defaultwindow.tlog\link.24112-rc.write.1.tlog
c:\users\rlatj\onedrive\바탕 화면\수업\팀과제\framework_12_v9_content\defaultwindow\debug\defaultwindow.tlog\link.24112.read.1.tlog
c:\users\rlatj\onedrive\바탕 화면\수업\팀과제\framework_12_v9_content\defaultwindow\debug\defaultwindow.tlog\link.24112.write.1.tlog
c:\users\rlatj\onedrive\바탕 화면\수업\팀과제\framework_12_v9_content\defaultwindow\debug\defaultwindow.tlog\link.command.1.tlog
c:\users\rlatj\onedrive\바탕 화면\수업\팀과제\framework_12_v9_content\defaultwindow\debug\defaultwindow.tlog\link.read.1.tlog
c:\users\rlatj\onedrive\바탕 화면\수업\팀과제\framework_12_v9_content\defaultwindow\debug\defaultwindow.tlog\link.write.1.tlog
c:\users\rlatj\onedrive\바탕 화면\수업\팀과제\framework_12_v9_content\defaultwindow\debug\defaultwindow.tlog\rc.command.1.tlog
c:\users\rlatj\onedrive\바탕 화면\수업\팀과제\framework_12_v9_content\defaultwindow\debug\defaultwindow.tlog\rc.read.1.tlog
c:\users\rlatj\onedrive\바탕 화면\수업\팀과제\framework_12_v9_content\defaultwindow\debug\defaultwindow.tlog\rc.write.1.tlog
